\BOOKMARK [0][-]{chapter*.1}{Resumen}{}% 1
\BOOKMARK [0][-]{chapter*.2}{Abstract}{}% 2
\BOOKMARK [0][-]{chapter*.2}{Dedicatoria}{}% 3
\BOOKMARK [0][-]{chapter*.3}{Agradecimientos}{}% 4
\BOOKMARK [0][-]{chapter*.4}{Prefacio}{}% 5
\BOOKMARK [0][-]{chapter.1}{Introducci\363n}{}% 6
\BOOKMARK [0][-]{chapter.2}{Marco te\363rico}{}% 7
\BOOKMARK [1][-]{section.2.1}{Modelos del lenguaje}{chapter.2}% 8
\BOOKMARK [2][-]{subsection.2.1.1}{Gram\341tica Generativa de Chomsky}{section.2.1}% 9
\BOOKMARK [2][-]{subsection.2.1.2}{Estructura distributiva de Harris}{section.2.1}% 10
\BOOKMARK [1][-]{section.2.2}{Modelos computacionales con base en la hip\363tesis distributiva}{chapter.2}% 11
\BOOKMARK [2][-]{subsection.2.2.1}{N-gramas}{section.2.2}% 12
\BOOKMARK [2][-]{subsection.2.2.2}{Modelos CBOW y Skip-Gram}{section.2.2}% 13
\BOOKMARK [2][-]{subsection.2.2.3}{Modelo GloVe}{section.2.2}% 14
\BOOKMARK [1][-]{section.2.3}{Pre-procesamiento}{chapter.2}% 15
\BOOKMARK [2][-]{subsection.2.3.1}{Normalizaci\363n}{section.2.3}% 16
\BOOKMARK [2][-]{subsection.2.3.2}{Segmentaci\363n}{section.2.3}% 17
\BOOKMARK [2][-]{subsection.2.3.3}{Reconocimiento de Entidades Nombradas}{section.2.3}% 18
\BOOKMARK [1][-]{section.2.4}{Optimizaci\363n}{chapter.2}% 19
\BOOKMARK [2][-]{subsection.2.4.1}{Estimaci\363n de los modelos CBOW y Skip-Gram}{section.2.4}% 20
\BOOKMARK [2][-]{subsection.2.4.2}{Algoritmo de Viterbi}{section.2.4}% 21
\BOOKMARK [2][-]{subsection.2.4.3}{Algoritmos meta-heur\355sticos: Evoluci\363n diferencial}{section.2.4}% 22
\BOOKMARK [1][-]{section.2.5}{Notas adicionales sobre el Procesamiento de Lenguaje Natural}{chapter.2}% 23
\BOOKMARK [2][-]{subsection.2.5.1}{Sobre la similitud sem\341ntica}{section.2.5}% 24
\BOOKMARK [2][-]{subsection.2.5.2}{Silabeo}{section.2.5}% 25
\BOOKMARK [2][-]{subsection.2.5.3}{Sobre aplicaciones terminales}{section.2.5}% 26
\BOOKMARK [1][-]{section.2.6}{Teor\355a ling\374\355stica adicional}{chapter.2}% 27
\BOOKMARK [0][-]{chapter.3}{Metodolog\355a}{}% 28
\BOOKMARK [1][-]{section.3.1}{Obtenci\363n de locuciones}{chapter.3}% 29
\BOOKMARK [1][-]{section.3.2}{Entrenamiento de las tareas de pre-procesamiento}{chapter.3}% 30
\BOOKMARK [1][-]{section.3.3}{Algoritmo de silabeo}{chapter.3}% 31
\BOOKMARK [1][-]{section.3.4}{Pre-procesamiento de la locuciones}{chapter.3}% 32
\BOOKMARK [0][-]{chapter.4}{Resultados}{}% 33
\BOOKMARK [1][-]{section.4.1}{Propuestas en pre-procesamiento del espa\361ol}{chapter.4}% 34
\BOOKMARK [1][-]{section.4.2}{R\351plicas}{chapter.4}% 35
\BOOKMARK [1][-]{section.4.3}{An\341lisis de m\351tricas}{chapter.4}% 36
\BOOKMARK [0][-]{chapter.5}{Conclusiones}{}% 37
\BOOKMARK [0][-]{appendix.Alph1}{Diccionario de t\351rminos ling\374isticos}{}% 38
